Electric Version 9.07
--------------- 0 --------------
  Mon Jun 28 03:59:45 PDT 2021
Menu Activated: File | Open Library...
--------------- 1 --------------
  Mon Jun 28 04:30:29 PDT 2021
Menu Activated: Tools | DRC | Check Hierarchically
--------------- 2 --------------
  Mon Jun 28 04:52:47 PDT 2021
ProcessKeyBinding 401 when=1624881166982 modifiers=80 code=11 char=ffff false false
--------------- 3 --------------
  Mon Jun 28 04:52:47 PDT 2021
Menu Activated: File | Save All Libraries
Currently highlighted: 
    com.sun.electric.tool.user.HighlightEOBJ in cell 'INV_1{lay}': Metal-1['net@13']
--------------- 4 --------------
  Mon Jun 28 04:52:47 PDT 2021
ProcessKeyBinding 400 when=1624881167169 modifiers=80 code=0 char=13 false false
--------------- 5 --------------
  Mon Jun 28 04:52:47 PDT 2021
ProcessKeyBinding 402 when=1624881167254 modifiers=0 code=11 char=ffff false false
--------------- 6 --------------
  Mon Jun 28 04:56:03 PDT 2021
ProcessKeyBinding 401 when=1624881363060 modifiers=80 code=11 char=ffff false false
--------------- 7 --------------
  Mon Jun 28 04:56:03 PDT 2021
Menu Activated: File | Save All Libraries
Currently highlighted: 
    com.sun.electric.tool.user.HighlightEOBJ in cell 'INV_1{lay}': 'Metal-1-P-Active-Con[contact@0].metal-1-p-act'
--------------- 8 --------------
  Mon Jun 28 04:56:03 PDT 2021
ProcessKeyBinding 400 when=1624881363337 modifiers=80 code=0 char=13 false false
--------------- 9 --------------
  Mon Jun 28 04:56:03 PDT 2021
ProcessKeyBinding 402 when=1624881363401 modifiers=0 code=11 char=ffff false false
--------------- 10 --------------
  Mon Jun 28 04:56:30 PDT 2021
Menu Activated: Tools | DRC | Check Hierarchically
Currently highlighted: 
    com.sun.electric.tool.user.HighlightEOBJ in cell 'INV_1{lay}': 'Metal-1-P-Active-Con[contact@0].metal-1-p-act'
--------------- 11 --------------
  Mon Jun 28 04:56:41 PDT 2021
ProcessKeyBinding 401 when=1624881401300 modifiers=80 code=11 char=ffff false false
--------------- 12 --------------
  Mon Jun 28 04:56:41 PDT 2021
Menu Activated: File | Save All Libraries
--------------- 13 --------------
  Mon Jun 28 04:56:41 PDT 2021
ProcessKeyBinding 400 when=1624881401521 modifiers=80 code=0 char=13 false false
--------------- 14 --------------
  Mon Jun 28 04:56:42 PDT 2021
ProcessKeyBinding 402 when=1624881401634 modifiers=0 code=11 char=ffff false false
--------------- 15 --------------
  Mon Jun 28 04:56:50 PDT 2021
ProcessKeyBinding 401 when=1624881409735 modifiers=80 code=11 char=ffff false false
--------------- 16 --------------
  Mon Jun 28 04:56:50 PDT 2021
Menu Activated: Edit | Undo
--------------- 17 --------------
  Mon Jun 28 04:56:50 PDT 2021
ProcessKeyBinding 400 when=1624881410079 modifiers=80 code=0 char=1a false false
--------------- 18 --------------
  Mon Jun 28 04:56:59 PDT 2021
ProcessKeyBinding 402 when=1624881418979 modifiers=0 code=a char=a false false
--------------- 19 --------------
  Mon Jun 28 04:57:05 PDT 2021
ProcessKeyBinding 401 when=1624881425198 modifiers=80 code=11 char=ffff false false
--------------- 20 --------------
  Mon Jun 28 04:57:05 PDT 2021
Menu Activated: File | Save All Libraries
--------------- 21 --------------
  Mon Jun 28 04:57:05 PDT 2021
ProcessKeyBinding 400 when=1624881425360 modifiers=80 code=0 char=13 false false
--------------- 22 --------------
  Mon Jun 28 04:57:05 PDT 2021
ProcessKeyBinding 402 when=1624881425478 modifiers=0 code=11 char=ffff false false
--------------- 23 --------------
  Mon Jun 28 05:02:24 PDT 2021
Menu Activated: Edit | Modes | Edit | Toggle Zoom
--------------- 24 --------------
  Mon Jun 28 05:02:29 PDT 2021
Menu Activated: Edit | Modes | Edit | Click/Zoom/Wire
--------------- 25 --------------
  Mon Jun 28 08:08:33 PDT 2021
Menu Activated: Edit | Modes | Edit | Toggle Zoom
